INFO : 2019-08-27 17:41:36,743 : send シリアルNo
INFO : 2019-08-27 17:41:36,743 : b'\x00\x00'
INFO : 2019-08-27 17:41:36,743 : 起動通知 send->
INFO : 2019-08-27 17:41:39,744 : recv シリアルNo:b'\xa5E' アプリデータ:b'e\x01\x00'
INFO : 2019-08-27 17:41:39,744 : recv シリアルNo:b'\xa5F' アプリデータ:b'e\x02\x00'
INFO : 2019-08-27 17:41:39,744 : recv シリアルNo:b'\xa5G' アプリデータ:b'e\x03\x00'
INFO : 2019-08-27 17:41:39,744 : recv シリアルNo:b'\xa5H' アプリデータ:b'e\x04\x00'
INFO : 2019-08-27 17:41:39,744 : recv シリアルNo:b'\xa5I' アプリデータ:b'e\x05\x00'
INFO : 2019-08-27 17:41:39,744 : recv シリアルNo:b'\xa5J' アプリデータ:b'e\x07\x00'
INFO : 2019-08-27 17:41:39,744 : recv シリアルNo:b'\xa5K' アプリデータ:b'e\x08\x00'
INFO : 2019-08-27 17:41:39,744 : recv シリアルNo:b'\xa5L' アプリデータ:b'f\x01\x00'
INFO : 2019-08-27 17:41:39,744 : recv シリアルNo:b'\xa5M' アプリデータ:b'f\x02\x00'
INFO : 2019-08-27 17:41:39,744 : recv シリアルNo:b'\xa5N' アプリデータ:b'f\x03\x00'
INFO : 2019-08-27 17:41:39,744 : recv シリアルNo:b'\xa5O' アプリデータ:b'f\x04\x00'
INFO : 2019-08-27 17:41:39,744 : recv シリアルNo:b'\xa5P' アプリデータ:b'f\x05\x00'
INFO : 2019-08-27 17:41:39,744 : recv シリアルNo:b'\xa5Q' アプリデータ:b'f)\x00'
INFO : 2019-08-27 17:41:39,744 : recv シリアルNo:b'\x00\x00' アプリデータ:b'\x01'
INFO : 2019-08-27 17:42:29,744 : send シリアルNo
INFO : 2019-08-27 17:42:29,745 : b'\x00\x01'
INFO : 2019-08-27 17:42:29,745 : 通信保持 send->
INFO : 2019-08-27 17:42:30,245 : recv シリアルNo:b'\x00\x01' アプリデータ:b'\x00'
INFO : 2019-08-27 17:43:19,745 : send シリアルNo
INFO : 2019-08-27 17:43:19,745 : b'\x00\x02'
INFO : 2019-08-27 17:43:19,745 : 通信保持 send->
INFO : 2019-08-27 17:43:20,245 : recv シリアルNo:b'\xa5S' アプリデータ:b'e\x07\x01'
INFO : 2019-08-27 17:43:20,245 : recv シリアルNo:b'\xa5U' アプリデータ:b'e\x07\x00'
INFO : 2019-08-27 17:43:20,245 : recv シリアルNo:b'\x00\x02' アプリデータ:b'\x00'
INFO : 2019-08-27 17:44:09,745 : send シリアルNo
INFO : 2019-08-27 17:44:09,745 : b'\x00\x03'
INFO : 2019-08-27 17:44:09,745 : 通信保持 send->
INFO : 2019-08-27 17:44:10,246 : recv シリアルNo:b'\xa5W' アプリデータ:b'e\x07\x01'
INFO : 2019-08-27 17:44:10,246 : recv シリアルNo:b'\xa5Y' アプリデータ:b'e\x07\x00'
INFO : 2019-08-27 17:44:10,246 : recv シリアルNo:b'\xa5Z' アプリデータ:b'e\x07\x01'
INFO : 2019-08-27 17:44:10,246 : recv シリアルNo:b'\xa5]' アプリデータ:b'e\x07\x00'
INFO : 2019-08-27 17:44:10,246 : recv シリアルNo:b'\x00\x03' アプリデータ:b'\x00'
