INFO : 2019-08-27 17:41:26,738 : send シリアルNo
INFO : 2019-08-27 17:41:26,738 : b'\x00\x00'
INFO : 2019-08-27 17:41:26,738 : 起動通知 send->
INFO : 2019-08-27 17:41:29,741 : recv シリアルNo:b'\xa56' アプリデータ:b'e\x01\x00'
INFO : 2019-08-27 17:41:29,741 : recv シリアルNo:b'\xa57' アプリデータ:b'e\x02\x00'
INFO : 2019-08-27 17:41:29,741 : recv シリアルNo:b'\xa58' アプリデータ:b'e\x03\x00'
INFO : 2019-08-27 17:41:29,741 : recv シリアルNo:b'\xa59' アプリデータ:b'e\x04\x00'
INFO : 2019-08-27 17:41:29,741 : recv シリアルNo:b'\xa5:' アプリデータ:b'e\x05\x00'
INFO : 2019-08-27 17:41:29,741 : recv シリアルNo:b'\xa5;' アプリデータ:b'e\x07\x01'
INFO : 2019-08-27 17:41:29,741 : recv シリアルNo:b'\xa5<' アプリデータ:b'e\x08\x00'
INFO : 2019-08-27 17:41:29,741 : recv シリアルNo:b'\xa5=' アプリデータ:b'f\x01\x00'
INFO : 2019-08-27 17:41:29,741 : recv シリアルNo:b'\xa5>' アプリデータ:b'f\x02\x00'
INFO : 2019-08-27 17:41:29,741 : recv シリアルNo:b'\xa5?' アプリデータ:b'f\x03\x00'
INFO : 2019-08-27 17:41:29,741 : recv シリアルNo:b'\xa5@' アプリデータ:b'f\x04\x00'
INFO : 2019-08-27 17:41:29,741 : recv シリアルNo:b'\xa5A' アプリデータ:b'f\x05\x00'
INFO : 2019-08-27 17:41:29,741 : recv シリアルNo:b'\xa5B' アプリデータ:b'f)\x00'
INFO : 2019-08-27 17:41:29,741 : recv シリアルNo:b'\x00\x00' アプリデータ:b'\x01'
INFO : 2019-08-27 17:42:19,742 : send シリアルNo
INFO : 2019-08-27 17:42:19,742 : b'\x00\x01'
INFO : 2019-08-27 17:42:19,742 : 通信保持 send->
INFO : 2019-08-27 17:42:20,242 : recv シリアルNo:b'\xa5C' アプリデータ:b'e\x07\x00'
INFO : 2019-08-27 17:42:20,243 : recv シリアルNo:b'\x00\x01' アプリデータ:b'\x00'
INFO : 2019-08-27 17:43:09,742 : send シリアルNo
INFO : 2019-08-27 17:43:09,742 : b'\x00\x02'
INFO : 2019-08-27 17:43:09,742 : 通信保持 send->
INFO : 2019-08-27 17:43:10,243 : recv シリアルNo:b'\xa5R' アプリデータ:b'e\x07\x01'
INFO : 2019-08-27 17:43:10,243 : recv シリアルNo:b'\xa5T' アプリデータ:b'e\x07\x00'
INFO : 2019-08-27 17:43:10,243 : recv シリアルNo:b'\x00\x02' アプリデータ:b'\x00'
INFO : 2019-08-27 17:43:59,742 : send シリアルNo
INFO : 2019-08-27 17:43:59,742 : b'\x00\x03'
INFO : 2019-08-27 17:43:59,742 : 通信保持 send->
INFO : 2019-08-27 17:44:00,243 : recv シリアルNo:b'\xa5V' アプリデータ:b'e\x07\x01'
INFO : 2019-08-27 17:44:00,243 : recv シリアルNo:b'\xa5X' アプリデータ:b'e\x07\x00'
INFO : 2019-08-27 17:44:00,243 : recv シリアルNo:b'\xa5[' アプリデータ:b'e\x07\x01'
INFO : 2019-08-27 17:44:00,243 : recv シリアルNo:b'\xa5\\' アプリデータ:b'e\x07\x00'
INFO : 2019-08-27 17:44:00,243 : recv シリアルNo:b'\x00\x03' アプリデータ:b'\x00'
